[0m12:36:43.310225 [debug] [MainThread]: Sending event: {'category': 'dbt', 'action': 'invocation', 'label': 'start', 'context': [<snowplow_tracker.self_describing_json.SelfDescribingJson object at 0x00000224B09165D0>, <snowplow_tracker.self_describing_json.SelfDescribingJson object at 0x00000224B0DC92B0>, <snowplow_tracker.self_describing_json.SelfDescribingJson object at 0x00000224B0DCA540>]}


============================== 12:36:43.320869 | 1502f842-d7e3-406a-9559-e49229df919c ==============================
[0m12:36:43.320869 [info ] [MainThread]: Running with dbt=1.9.0-rc1
[0m12:36:43.322727 [debug] [MainThread]: running dbt with arguments {'printer_width': '80', 'indirect_selection': 'eager', 'log_cache_events': 'False', 'write_json': 'True', 'partial_parse': 'True', 'cache_selected_only': 'False', 'profiles_dir': '../', 'debug': 'False', 'version_check': 'True', 'log_path': 'logs', 'fail_fast': 'False', 'warn_error': 'None', 'use_colors': 'True', 'use_experimental_parser': 'False', 'no_print': 'None', 'quiet': 'False', 'empty': 'None', 'warn_error_options': 'WarnErrorOptions(include=[], exclude=[])', 'invocation_command': 'dbt init', 'introspect': 'True', 'log_format': 'default', 'target_path': 'None', 'static_parser': 'True', 'send_anonymous_usage_stats': 'True'}
[0m12:37:46.711588 [debug] [MainThread]: Starter project path: C:\Users\Lucas\Documents\dw_finances\.venv\Lib\site-packages\dbt\include\starter_project
[0m12:37:46.745456 [info ] [MainThread]: 
Your new dbt project "dbfinanceiro" was created!

For more information on how to configure the profiles.yml file,
please consult the dbt documentation here:

  https://docs.getdbt.com/docs/configure-your-profile

One more thing:

Need help? Don't hesitate to reach out to us via GitHub issues or on Slack:

  https://community.getdbt.com/

Happy modeling!

[0m12:37:46.754539 [info ] [MainThread]: Setting up your profile.
[0m12:40:36.690594 [info ] [MainThread]: Profile dbfinanceiro written to ..\profiles.yml using target's profile_template.yml and your supplied values. Run 'dbt debug' to validate the connection.
[0m12:40:36.692626 [debug] [MainThread]: Command `dbt init` succeeded at 12:40:36.692626 after 233.56 seconds
[0m12:40:36.692626 [debug] [MainThread]: Sending event: {'category': 'dbt', 'action': 'invocation', 'label': 'end', 'context': [<snowplow_tracker.self_describing_json.SelfDescribingJson object at 0x00000224B0FF0A40>, <snowplow_tracker.self_describing_json.SelfDescribingJson object at 0x00000224B256D0D0>, <snowplow_tracker.self_describing_json.SelfDescribingJson object at 0x00000224B1418CE0>]}
[0m12:40:36.693652 [debug] [MainThread]: Flushing usage events
[0m12:40:37.346055 [debug] [MainThread]: An error was encountered while trying to flush usage events
